\BOOKMARK [1][-]{section.1}{Abstract}{}% 1
\BOOKMARK [1][-]{section.2}{Introduction}{}% 2
\BOOKMARK [1][-]{section.3}{ Theory And Methods}{}% 3
\BOOKMARK [2][-]{subsection.3.1}{Molecular Dynamics Units}{section.3}% 4
\BOOKMARK [2][-]{subsection.3.2}{Mathematical Theory}{section.3}% 5
\BOOKMARK [3][-]{subsubsection.3.2.1}{Argon Crystal Structure}{subsection.3.2}% 6
\BOOKMARK [3][-]{subsubsection.3.2.2}{Equipartition Theorem}{subsection.3.2}% 7
\BOOKMARK [3][-]{subsubsection.3.2.3}{The Boltzmann Speed Distribution}{subsection.3.2}% 8
\BOOKMARK [3][-]{subsubsection.3.2.4}{System Density and Van der Waals Equation for Liquid-Gas Systems}{subsection.3.2}% 9
\BOOKMARK [3][-]{subsubsection.3.2.5}{The Leonnard-Jones Potential}{subsection.3.2}% 10
\BOOKMARK [3][-]{subsubsection.3.2.6}{The Diffusion Constant}{subsection.3.2}% 11
\BOOKMARK [2][-]{subsection.3.3}{Nummerical Calculations}{section.3}% 12
\BOOKMARK [3][-]{subsubsection.3.3.1}{ProgramFlow}{subsection.3.3}% 13
\BOOKMARK [3][-]{subsubsection.3.3.2}{The Velocity Verlet algortihm}{subsection.3.3}% 14
\BOOKMARK [3][-]{subsubsection.3.3.3}{Conservation Of Momentum}{subsection.3.3}% 15
\BOOKMARK [3][-]{subsubsection.3.3.4}{Real distances}{subsection.3.3}% 16
\BOOKMARK [3][-]{subsubsection.3.3.5}{Optimization}{subsection.3.3}% 17
\BOOKMARK [1][-]{section.4}{Results}{}% 18
\BOOKMARK [1][-]{section.5}{Discussion}{}% 19
\BOOKMARK [2][-]{subsection.5.1}{Conservation of Energy}{section.5}% 20
\BOOKMARK [2][-]{subsection.5.2}{Temperaturevariations}{section.5}% 21
\BOOKMARK [2][-]{subsection.5.3}{The Diffusion Constant}{section.5}% 22
\BOOKMARK [1][-]{section.6}{Conclusion}{}% 23
